start (participant_i+1)/(n_participants-1):1/94
PreprocessingPipeline fits KeepFeaturesSelector
PreprocessingPipeline transforms data with KeepFeaturesSelector
x.columns.to_list() ['liking', 'experience', 'embedding_0', 'embedding_1', 'embedding_2', 'embedding_3', 'embedding_4', 'embedding_5', 'embedding_6', 'embedding_7', 'embedding_8', 'embedding_9', 'embedding_10', 'embedding_11', 'embedding_12', 'embedding_13', 'embedding_14', 'embedding_15', 'embedding_16', 'embedding_17', 'embedding_18', 'embedding_19', 'embedding_20', 'embedding_21', 'embedding_22', 'embedding_23', 'embedding_24', 'embedding_25', 'embedding_26', 'embedding_27', 'embedding_28', 'embedding_29', 'embedding_30', 'embedding_31', 'embedding_32', 'embedding_33', 'embedding_34', 'embedding_35', 'embedding_36', 'embedding_37', 'embedding_38', 'embedding_39', 'embedding_40', 'embedding_41', 'embedding_42', 'embedding_43', 'embedding_44', 'embedding_45', 'embedding_46', 'embedding_47', 'embedding_48', 'embedding_49', 'embedding_50', 'embedding_51', 'embedding_52', 'embedding_53', 'embedding_54', 'embedding_55', 'embedding_56', 'embedding_57', 'embedding_58', 'embedding_59', 'embedding_60', 'embedding_61', 'embedding_62', 'embedding_63', 'embedding_64', 'embedding_65', 'embedding_66', 'embedding_67', 'embedding_68', 'embedding_69', 'embedding_70', 'embedding_71', 'embedding_72', 'embedding_73', 'embedding_74', 'embedding_75', 'embedding_76', 'embedding_77', 'embedding_78', 'embedding_79', 'embedding_80', 'embedding_81', 'embedding_82', 'embedding_83', 'embedding_84', 'embedding_85', 'embedding_86', 'embedding_87', 'embedding_88', 'embedding_89', 'embedding_90', 'embedding_91', 'embedding_92', 'embedding_93', 'embedding_94', 'embedding_95', 'embedding_96', 'embedding_97', 'embedding_98', 'embedding_99', 'embedding_100', 'embedding_101', 'embedding_102', 'embedding_103', 'embedding_104', 'embedding_105', 'embedding_106', 'embedding_107', 'embedding_108', 'embedding_109', 'embedding_110', 'embedding_111', 'embedding_112', 'embedding_113', 'embedding_114', 'embedding_115', 'embedding_116', 'embedding_117', 'embedding_118', 'embedding_119', 'embedding_120', 'embedding_121', 'embedding_122', 'embedding_123', 'embedding_124', 'embedding_125', 'embedding_126', 'embedding_127', 'embedding_128', 'embedding_129', 'embedding_130', 'embedding_131', 'embedding_132', 'embedding_133', 'embedding_134', 'embedding_135', 'embedding_136', 'embedding_137', 'embedding_138', 'embedding_139', 'embedding_140', 'embedding_141', 'embedding_142', 'embedding_143', 'embedding_144', 'embedding_145', 'embedding_146', 'embedding_147', 'embedding_148', 'embedding_149', 'embedding_150', 'embedding_151', 'embedding_152', 'embedding_153', 'embedding_154', 'embedding_155', 'embedding_156', 'embedding_157', 'embedding_158', 'embedding_159', 'embedding_160', 'embedding_161', 'embedding_162', 'embedding_163', 'embedding_164', 'embedding_165', 'embedding_166', 'embedding_167', 'embedding_168', 'embedding_169', 'embedding_170', 'embedding_171', 'embedding_172', 'embedding_173', 'embedding_174', 'embedding_175', 'embedding_176', 'embedding_177', 'embedding_178', 'embedding_179', 'embedding_180', 'embedding_181', 'embedding_182', 'embedding_183', 'embedding_184', 'embedding_185', 'embedding_186', 'embedding_187', 'embedding_188', 'embedding_189', 'embedding_190', 'embedding_191', 'embedding_192', 'embedding_193', 'embedding_194', 'embedding_195', 'embedding_196', 'embedding_197', 'embedding_198', 'embedding_199', 'embedding_200', 'embedding_201', 'embedding_202', 'embedding_203', 'embedding_204', 'embedding_205', 'embedding_206', 'embedding_207', 'embedding_208', 'embedding_209', 'embedding_210', 'embedding_211', 'embedding_212', 'embedding_213', 'embedding_214', 'embedding_215', 'embedding_216', 'embedding_217', 'embedding_218', 'embedding_219', 'embedding_220', 'embedding_221', 'embedding_222', 'embedding_223', 'embedding_224', 'embedding_225', 'embedding_226', 'embedding_227', 'embedding_228', 'embedding_229', 'embedding_230', 'embedding_231', 'embedding_232', 'embedding_233', 'embedding_234', 'embedding_235', 'embedding_236', 'embedding_237', 'embedding_238', 'embedding_239', 'embedding_240', 'embedding_241', 'embedding_242', 'embedding_243', 'embedding_244', 'embedding_245', 'embedding_246', 'embedding_247', 'embedding_248', 'embedding_249', 'embedding_250', 'embedding_251', 'embedding_252', 'embedding_253', 'embedding_254', 'embedding_255', 'embedding_256', 'embedding_257', 'embedding_258', 'embedding_259', 'embedding_260', 'embedding_261', 'embedding_262', 'embedding_263', 'embedding_264', 'embedding_265', 'embedding_266', 'embedding_267', 'embedding_268', 'embedding_269', 'embedding_270', 'embedding_271', 'embedding_272', 'embedding_273', 'embedding_274', 'embedding_275', 'embedding_276', 'embedding_277', 'embedding_278', 'embedding_279', 'embedding_280', 'embedding_281', 'embedding_282', 'embedding_283', 'embedding_284', 'embedding_285', 'embedding_286', 'embedding_287', 'embedding_288', 'embedding_289', 'embedding_290', 'embedding_291', 'embedding_292', 'embedding_293', 'embedding_294', 'embedding_295', 'embedding_296', 'embedding_297', 'embedding_298', 'embedding_299', 'embedding_300', 'embedding_301', 'embedding_302', 'embedding_303', 'embedding_304', 'embedding_305', 'embedding_306', 'embedding_307', 'embedding_308', 'embedding_309', 'embedding_310', 'embedding_311', 'embedding_312', 'embedding_313', 'embedding_314', 'embedding_315', 'embedding_316', 'embedding_317', 'embedding_318', 'embedding_319', 'embedding_320', 'embedding_321', 'embedding_322', 'embedding_323', 'embedding_324', 'embedding_325', 'embedding_326', 'embedding_327', 'embedding_328', 'embedding_329', 'embedding_330', 'embedding_331', 'embedding_332', 'embedding_333', 'embedding_334', 'embedding_335', 'embedding_336', 'embedding_337', 'embedding_338', 'embedding_339', 'embedding_340', 'embedding_341', 'embedding_342', 'embedding_343', 'embedding_344', 'embedding_345', 'embedding_346', 'embedding_347', 'embedding_348', 'embedding_349', 'embedding_350', 'embedding_351', 'embedding_352', 'embedding_353', 'embedding_354', 'embedding_355', 'embedding_356', 'embedding_357', 'embedding_358', 'embedding_359', 'embedding_360', 'embedding_361', 'embedding_362', 'embedding_363', 'embedding_364', 'embedding_365', 'embedding_366', 'embedding_367', 'embedding_368', 'embedding_369', 'embedding_370', 'embedding_371', 'embedding_372', 'embedding_373', 'embedding_374', 'embedding_375', 'embedding_376', 'embedding_377', 'embedding_378', 'embedding_379', 'embedding_380', 'embedding_381', 'embedding_382', 'embedding_383', 'embedding_384', 'embedding_385', 'embedding_386', 'embedding_387', 'embedding_388', 'embedding_389', 'embedding_390', 'embedding_391', 'embedding_392', 'embedding_393', 'embedding_394', 'embedding_395', 'embedding_396', 'embedding_397', 'embedding_398', 'embedding_399', 'embedding_400', 'embedding_401', 'embedding_402', 'embedding_403', 'embedding_404', 'embedding_405', 'embedding_406', 'embedding_407', 'embedding_408', 'embedding_409', 'embedding_410', 'embedding_411', 'embedding_412', 'embedding_413', 'embedding_414', 'embedding_415', 'embedding_416', 'embedding_417', 'embedding_418', 'embedding_419', 'embedding_420', 'embedding_421', 'embedding_422', 'embedding_423', 'embedding_424', 'embedding_425', 'embedding_426', 'embedding_427', 'embedding_428', 'embedding_429', 'embedding_430', 'embedding_431', 'embedding_432', 'embedding_433', 'embedding_434', 'embedding_435', 'embedding_436', 'embedding_437', 'embedding_438', 'embedding_439', 'embedding_440', 'embedding_441', 'embedding_442', 'embedding_443', 'embedding_444', 'embedding_445', 'embedding_446', 'embedding_447', 'embedding_448', 'embedding_449', 'embedding_450', 'embedding_451', 'embedding_452', 'embedding_453', 'embedding_454', 'embedding_455', 'embedding_456', 'embedding_457', 'embedding_458', 'embedding_459', 'embedding_460', 'embedding_461', 'embedding_462', 'embedding_463', 'embedding_464', 'embedding_465', 'embedding_466', 'embedding_467', 'embedding_468', 'embedding_469', 'embedding_470', 'embedding_471', 'embedding_472', 'embedding_473', 'embedding_474', 'embedding_475', 'embedding_476', 'embedding_477', 'embedding_478', 'embedding_479', 'embedding_480', 'embedding_481', 'embedding_482', 'embedding_483', 'embedding_484', 'embedding_485', 'embedding_486', 'embedding_487', 'embedding_488', 'embedding_489', 'embedding_490', 'embedding_491', 'embedding_492', 'embedding_493', 'embedding_494', 'embedding_495', 'embedding_496', 'embedding_497', 'embedding_498', 'embedding_499', 'embedding_500', 'embedding_501', 'embedding_502', 'embedding_503', 'embedding_504', 'embedding_505', 'embedding_506', 'embedding_507', 'embedding_508', 'embedding_509', 'embedding_510', 'embedding_511', 'embedding_512', 'embedding_513', 'embedding_514', 'embedding_515', 'embedding_516', 'embedding_517', 'embedding_518', 'embedding_519', 'embedding_520', 'embedding_521', 'embedding_522', 'embedding_523', 'embedding_524', 'embedding_525', 'embedding_526', 'embedding_527', 'embedding_528', 'embedding_529', 'embedding_530', 'embedding_531', 'embedding_532', 'embedding_533', 'embedding_534', 'embedding_535', 'embedding_536', 'embedding_537', 'embedding_538', 'embedding_539', 'embedding_540', 'embedding_541', 'embedding_542', 'embedding_543', 'embedding_544', 'embedding_545', 'embedding_546', 'embedding_547', 'embedding_548', 'embedding_549', 'embedding_550', 'embedding_551', 'embedding_552', 'embedding_553', 'embedding_554', 'embedding_555', 'embedding_556', 'embedding_557', 'embedding_558', 'embedding_559', 'embedding_560', 'embedding_561', 'embedding_562', 'embedding_563', 'embedding_564', 'embedding_565', 'embedding_566', 'embedding_567', 'embedding_568', 'embedding_569', 'embedding_570', 'embedding_571', 'embedding_572', 'embedding_573', 'embedding_574', 'embedding_575', 'embedding_576', 'embedding_577', 'embedding_578', 'embedding_579', 'embedding_580', 'embedding_581', 'embedding_582', 'embedding_583', 'embedding_584', 'embedding_585', 'embedding_586', 'embedding_587', 'embedding_588', 'embedding_589', 'embedding_590', 'embedding_591', 'embedding_592', 'embedding_593', 'embedding_594', 'embedding_595', 'embedding_596', 'embedding_597', 'embedding_598', 'embedding_599', 'embedding_600', 'embedding_601', 'embedding_602', 'embedding_603', 'embedding_604', 'embedding_605', 'embedding_606', 'embedding_607', 'embedding_608', 'embedding_609', 'embedding_610', 'embedding_611', 'embedding_612', 'embedding_613', 'embedding_614', 'embedding_615', 'embedding_616', 'embedding_617', 'embedding_618', 'embedding_619', 'embedding_620', 'embedding_621', 'embedding_622', 'embedding_623', 'embedding_624', 'embedding_625', 'embedding_626', 'embedding_627', 'embedding_628', 'embedding_629', 'embedding_630', 'embedding_631', 'embedding_632', 'embedding_633', 'embedding_634', 'embedding_635', 'embedding_636', 'embedding_637', 'embedding_638', 'embedding_639', 'embedding_640', 'embedding_641', 'embedding_642', 'embedding_643', 'embedding_644', 'embedding_645', 'embedding_646', 'embedding_647', 'embedding_648', 'embedding_649', 'embedding_650', 'embedding_651', 'embedding_652', 'embedding_653', 'embedding_654', 'embedding_655', 'embedding_656', 'embedding_657', 'embedding_658', 'embedding_659', 'embedding_660', 'embedding_661', 'embedding_662', 'embedding_663', 'embedding_664', 'embedding_665', 'embedding_666', 'embedding_667', 'embedding_668', 'embedding_669', 'embedding_670', 'embedding_671', 'embedding_672', 'embedding_673', 'embedding_674', 'embedding_675', 'embedding_676', 'embedding_677', 'embedding_678', 'embedding_679', 'embedding_680', 'embedding_681', 'embedding_682', 'embedding_683', 'embedding_684', 'embedding_685', 'embedding_686', 'embedding_687', 'embedding_688', 'embedding_689', 'embedding_690', 'embedding_691', 'embedding_692', 'embedding_693', 'embedding_694', 'embedding_695', 'embedding_696', 'embedding_697', 'embedding_698', 'embedding_699', 'embedding_700', 'embedding_701', 'embedding_702', 'embedding_703', 'embedding_704', 'embedding_705', 'embedding_706', 'embedding_707', 'embedding_708', 'embedding_709', 'embedding_710', 'embedding_711', 'embedding_712', 'embedding_713', 'embedding_714', 'embedding_715', 'embedding_716', 'embedding_717', 'embedding_718', 'embedding_719', 'embedding_720', 'embedding_721', 'embedding_722', 'embedding_723', 'embedding_724', 'embedding_725', 'embedding_726', 'embedding_727', 'embedding_728', 'embedding_729', 'embedding_730', 'embedding_731', 'embedding_732', 'embedding_733', 'embedding_734', 'embedding_735', 'embedding_736', 'embedding_737', 'embedding_738', 'embedding_739', 'embedding_740', 'embedding_741', 'embedding_742', 'embedding_743', 'embedding_744', 'embedding_745', 'embedding_746', 'embedding_747', 'embedding_748', 'embedding_749', 'embedding_750', 'embedding_751', 'embedding_752', 'embedding_753', 'embedding_754', 'embedding_755', 'embedding_756', 'embedding_757', 'embedding_758', 'embedding_759', 'embedding_760', 'embedding_761', 'embedding_762', 'embedding_763', 'embedding_764', 'embedding_765', 'embedding_766', 'embedding_767', 'leaps_from_cluster']
PreprocessingPipeline transform done
graphs_dataset: [Data(x=[43, 768], edge_index=[2, 94], edge_attr=[94, 1], y=[43, 1], x_names=[768], edge_attr_names=[1], y_names=[1], train_mask=[43], val_mask=[43], complete_train_mask=[43], base_mask=[43])]
graphs_dataset[0] Data(x=[43, 768], edge_index=[2, 94], edge_attr=[94, 1], y=[43, 1], x_names=[768], edge_attr_names=[1], y_names=[1], train_mask=[43], val_mask=[43], complete_train_mask=[43], base_mask=[43])
graph.base_mask
 tensor([ True,  True,  True,  True,  True,  True,  True,  True,  True, False,
         True,  True,  True, False,  True,  True,  True, False,  True,  True,
        False, False, False, False,  True,  True, False,  True, False,  True,
        False,  True,  True,  True,  True,  True, False, False, False,  True,
         True,  True,  True])
y_pred
 tensor([[ 1.3814],
        [ 0.7183],
        [ 1.3814],
        [-0.6631],
        [ 0.7183],
        [ 0.7183],
        [-0.5802],
        [ 0.6631],
        [-0.6078],
        [ 0.7129],
        [ 1.3814],
        [ 0.8289],
        [ 0.7183],
        [-0.0827],
        [-1.3814],
        [ 1.3814],
        [ 1.3814],
        [ 1.5250],
        [ 1.3814],
        [ 1.3814],
        [ 0.4270],
        [-0.1920],
        [ 0.9251],
        [ 0.4673],
        [ 1.3814],
        [-1.3538],
        [-0.2371],
        [ 0.6907],
        [-0.1353],
        [ 0.6907],
        [ 1.3037],
        [ 0.0829],
        [ 1.3814],
        [ 0.0553],
        [ 0.7460],
        [ 0.0276],
        [ 0.7095],
        [ 0.4423],
        [-0.5911],
        [-0.6907],
        [ 0.0553],
        [ 1.3538],
        [-0.7736]])
y_pred[~graph.base_mask]
 tensor([[ 0.7129],
        [-0.0827],
        [ 1.5250],
        [ 0.4270],
        [-0.1920],
        [ 0.9251],
        [ 0.4673],
        [-0.2371],
        [-0.1353],
        [ 1.3037],
        [ 0.7095],
        [ 0.4423],
        [-0.5911]])
graph.base_mask
 tensor([ True,  True,  True,  True,  True,  True,  True,  True,  True, False,
         True,  True,  True, False,  True,  True,  True, False,  True,  True,
        False, False, False, False,  True,  True, False,  True, False,  True,
        False,  True,  True,  True,  True,  True, False, False, False,  True,
         True,  True,  True])
y_pred_1
 tensor([[ 1.3814],
        [ 0.7183],
        [ 1.3814],
        [-0.6631],
        [ 0.7183],
        [ 0.7183],
        [-0.5802],
        [ 0.6631],
        [-0.6078],
        [ 0.7129],
        [ 1.3814],
        [ 0.8289],
        [ 0.7183],
        [-0.0827],
        [-1.3814],
        [ 1.3814],
        [ 1.3814],
        [ 1.5250],
        [ 1.3814],
        [ 1.3814],
        [ 0.4270],
        [-0.1920],
        [ 0.9251],
        [ 0.4673],
        [ 1.3814],
        [-1.3538],
        [-0.2371],
        [ 0.6907],
        [-0.1353],
        [ 0.6907],
        [ 1.3037],
        [ 0.0829],
        [ 1.3814],
        [ 0.0553],
        [ 0.7460],
        [ 0.0276],
        [ 0.7095],
        [ 0.4423],
        [-0.5911],
        [-0.6907],
        [ 0.0553],
        [ 1.3538],
        [-0.7736]])
y_pred_1[~graph.base_mask]
 tensor([[ 0.7129],
        [-0.0827],
        [ 1.5250],
        [ 0.4270],
        [-0.1920],
        [ 0.9251],
        [ 0.4673],
        [-0.2371],
        [-0.1353],
        [ 1.3037],
        [ 0.7095],
        [ 0.4423],
        [-0.5911]])
(y_pred - y_pred_1)[~graph.base_mask]
 tensor([[0.],
        [0.],
        [0.],
        [0.],
        [0.],
        [0.],
        [0.],
        [0.],
        [0.],
        [0.],
        [0.],
        [0.],
        [0.]])
study time taken: 0.0h - 0.0m - 2.2103471755981445s
data_handler.postprocess to  experiments_results/no_validation_07/train/2025-07-22_09-14__3NN_3ExpNN_GaussianProcess/processed
